c:\users\shakil islam\source\repos\casino 6\casino 6\debug\vc142.pdb
c:\users\shakil islam\source\repos\casino 6\casino 6\debug\vc142.idb
c:\users\shakil islam\source\repos\casino 6\casino 6\debug\guessrandy.obj
c:\users\shakil islam\source\repos\casino 6\casino 6\debug\oddoreven.obj
c:\users\shakil islam\source\repos\casino 6\casino 6\debug\nicegame.obj
c:\users\shakil islam\source\repos\casino 6\casino 6\debug\casino 6.obj
c:\users\shakil islam\source\repos\casino 6\casino 6\debug\roullete.obj
c:\users\shakil islam\source\repos\casino 6\casino 6\debug\utilities.obj
c:\users\shakil islam\source\repos\casino 6\casino 6\debug\guessdice.obj
c:\users\shakil islam\source\repos\casino 6\casino 6\debug\casino.obj
c:\users\shakil islam\source\repos\casino 6\casino 6\debug\main.obj
c:\users\shakil islam\source\repos\casino 6\debug\casino 6.exe
c:\users\shakil islam\source\repos\casino 6\debug\casino 6.ilk
c:\users\shakil islam\source\repos\casino 6\debug\casino 6.pdb
c:\users\shakil islam\desktop\oviktikt - andra skrivbord\casino 7\casino 6\debug\guessdice.obj
c:\users\shakil islam\desktop\oviktikt - andra skrivbord\casino 7\casino 6\debug\guessrandy.obj
c:\users\shakil islam\desktop\oviktikt - andra skrivbord\casino 7\casino 6\debug\main.obj
c:\users\shakil islam\desktop\oviktikt - andra skrivbord\casino 7\casino 6\debug\nicegame.obj
c:\users\shakil islam\desktop\oviktikt - andra skrivbord\casino 7\casino 6\debug\oddoreven.obj
c:\users\shakil islam\desktop\oviktikt - andra skrivbord\casino 7\casino 6\debug\roullete.obj
c:\users\shakil islam\desktop\oviktikt - andra skrivbord\casino 7\casino 6\debug\utilities.obj
c:\users\shakil islam\desktop\oviktikt - andra skrivbord\casino 7\casino 6\debug\vc142.idb
c:\users\shakil islam\desktop\oviktikt - andra skrivbord\casino 7\casino 6\debug\vc142.pdb
c:\users\shakil islam\desktop\oviktikt - andra skrivbord\casino 7\debug\casino 6.pdb
c:\users\shakil islam\desktop\oviktikt - andra skrivbord\casino 7\debug\casino 6.exe
c:\users\shakil islam\desktop\oviktikt - andra skrivbord\casino 7\debug\casino 6.ilk
c:\users\shakil islam\desktop\oviktikt - andra skrivbord\casino 7\casino 6\debug\casino 6.tlog\cl.command.1.tlog
c:\users\shakil islam\desktop\oviktikt - andra skrivbord\casino 7\casino 6\debug\casino 6.tlog\cl.read.1.tlog
c:\users\shakil islam\desktop\oviktikt - andra skrivbord\casino 7\casino 6\debug\casino 6.tlog\cl.write.1.tlog
c:\users\shakil islam\desktop\oviktikt - andra skrivbord\casino 7\casino 6\debug\casino 6.tlog\link.command.1.tlog
c:\users\shakil islam\desktop\oviktikt - andra skrivbord\casino 7\casino 6\debug\casino 6.tlog\link.read.1.tlog
c:\users\shakil islam\desktop\oviktikt - andra skrivbord\casino 7\casino 6\debug\casino 6.tlog\link.write.1.tlog
